<?xml version="1.0" encoding="UTF-8"?>
<!-- Generated by org.testng.reporters.JUnitReportReporter -->
<testsuite skipped="0" hostname="cdc2-d-513RJ8G" name="Day1.PageFactoryTest" tests="1" failures="0" timestamp="12 Mar 2019 07:14:46 GMT" time="13.717" errors="0">
  <testcase name="login" time="13.717" classname="Day1.PageFactoryTest"/>
</testsuite> <!-- Day1.PageFactoryTest -->
