<?xml version="1.0" encoding="UTF-8"?>
<!-- Generated by org.testng.reporters.JUnitReportReporter -->
<testsuite skipped="0" hostname="cdc2-d-513RJ8G" name="Day1.PageObjTest" tests="1" failures="0" timestamp="13 Mar 2019 06:36:31 GMT" time="34.738" errors="0">
  <testcase name="Login" time="34.738" classname="Day1.PageObjTest"/>
</testsuite> <!-- Day1.PageObjTest -->
