<?xml version="1.0" encoding="UTF-8"?>
<!-- Generated by org.testng.reporters.JUnitReportReporter -->
<testsuite skipped="0" hostname="cdc2-d-513RJ8G" name="Day1.Action2" tests="2" failures="0" timestamp="11 Mar 2019 10:04:19 GMT" time="7.183" errors="0">
  <testcase name="SigIn" time="5.108" classname="Day1.Action2"/>
  <testcase name="CartValidation" time="2.075" classname="Day1.Action2"/>
</testsuite> <!-- Day1.Action2 -->
