<?xml version="1.0" encoding="UTF-8"?>
<!-- Generated by org.testng.reporters.JUnitReportReporter -->
<testsuite skipped="0" hostname="cdc2-d-513RJ8G" name="Day1.GoogleDemoTest" tests="1" failures="0" timestamp="11 Mar 2019 05:48:54 GMT" time="28.347" errors="0">
  <testcase name="main" time="28.347" classname="Day1.GoogleDemoTest"/>
</testsuite> <!-- Day1.GoogleDemoTest -->
